<?xml version="1.0" encoding="UTF-8"?>
<testsuite name="com.boradoli.springboot.web.HelloControllerTest" tests="2" skipped="0" failures="0" errors="0" timestamp="2023-09-18T06:20:32" hostname="DESKTOP-B66C7S1" time="0.025">
  <properties/>
  <testcase name="hello가_리턴된다()" classname="com.boradoli.springboot.web.HelloControllerTest" time="0.02"/>
  <testcase name="helloDto가_리턴된다()" classname="com.boradoli.springboot.web.HelloControllerTest" time="0.004"/>
  <system-out><![CDATA[2023-09-18 15:20:31.478  INFO 464 --- [    Test worker] .b.t.a.w.s.WebMvcTestContextBootstrapper : Neither @ContextConfiguration nor @ContextHierarchy found for test class [com.boradoli.springboot.web.HelloControllerTest], using SpringBootContextLoader
2023-09-18 15:20:31.480  INFO 464 --- [    Test worker] o.s.t.c.support.AbstractContextLoader    : Could not detect default resource locations for test class [com.boradoli.springboot.web.HelloControllerTest]: no resource found for suffixes {-context.xml, Context.groovy}.
2023-09-18 15:20:31.480  INFO 464 --- [    Test worker] t.c.s.AnnotationConfigContextLoaderUtils : Could not detect default configuration classes for test class [com.boradoli.springboot.web.HelloControllerTest]: HelloControllerTest does not declare any static, non-private, non-final, nested classes annotated with @Configuration.
2023-09-18 15:20:31.491  INFO 464 --- [    Test worker] .b.t.c.SpringBootTestContextBootstrapper : Found @SpringBootConfiguration com.boradoli.springboot.Application for test class com.boradoli.springboot.web.HelloControllerTest
2023-09-18 15:20:31.492  INFO 464 --- [    Test worker] .b.t.a.w.s.WebMvcTestContextBootstrapper : Loaded default TestExecutionListener class names from location [META-INF/spring.factories]: [org.springframework.security.test.context.support.WithSecurityContextTestExecutionListener, org.springframework.security.test.context.support.ReactorContextTestExecutionListener, org.springframework.boot.test.autoconfigure.restdocs.RestDocsTestExecutionListener, org.springframework.boot.test.autoconfigure.web.client.MockRestServiceServerResetTestExecutionListener, org.springframework.boot.test.autoconfigure.web.servlet.MockMvcPrintOnlyOnFailureTestExecutionListener, org.springframework.boot.test.autoconfigure.web.servlet.WebDriverTestExecutionListener, org.springframework.boot.test.autoconfigure.webservices.client.MockWebServiceServerTestExecutionListener, org.springframework.boot.test.mock.mockito.MockitoTestExecutionListener, org.springframework.boot.test.mock.mockito.ResetMocksTestExecutionListener, org.springframework.test.context.web.ServletTestExecutionListener, org.springframework.test.context.support.DirtiesContextBeforeModesTestExecutionListener, org.springframework.test.context.support.DependencyInjectionTestExecutionListener, org.springframework.test.context.support.DirtiesContextTestExecutionListener, org.springframework.test.context.transaction.TransactionalTestExecutionListener, org.springframework.test.context.jdbc.SqlScriptsTestExecutionListener, org.springframework.test.context.event.EventPublishingTestExecutionListener]
2023-09-18 15:20:31.493  INFO 464 --- [    Test worker] .b.t.a.w.s.WebMvcTestContextBootstrapper : Using TestExecutionListeners: [org.springframework.test.context.web.ServletTestExecutionListener@64cec4d0, org.springframework.test.context.support.DirtiesContextBeforeModesTestExecutionListener@6e069ca9, org.springframework.boot.test.mock.mockito.MockitoTestExecutionListener@45e9db77, org.springframework.boot.test.autoconfigure.SpringBootDependencyInjectionTestExecutionListener@6c930e7e, org.springframework.test.context.support.DirtiesContextTestExecutionListener@7e69bf78, org.springframework.test.context.transaction.TransactionalTestExecutionListener@24d097c8, org.springframework.test.context.jdbc.SqlScriptsTestExecutionListener@2f69d246, org.springframework.security.test.context.support.WithSecurityContextTestExecutionListener@5bfdc92b, org.springframework.test.context.event.EventPublishingTestExecutionListener@68dc2f53, org.springframework.security.test.context.support.ReactorContextTestExecutionListener@48928b57, org.springframework.boot.test.autoconfigure.restdocs.RestDocsTestExecutionListener@29088be1, org.springframework.boot.test.autoconfigure.web.client.MockRestServiceServerResetTestExecutionListener@1c09bb7a, org.springframework.boot.test.autoconfigure.web.servlet.MockMvcPrintOnlyOnFailureTestExecutionListener@15a6a91f, org.springframework.boot.test.autoconfigure.web.servlet.WebDriverTestExecutionListener@493250cf, org.springframework.boot.test.autoconfigure.webservices.client.MockWebServiceServerTestExecutionListener@24888d8b, org.springframework.boot.test.mock.mockito.ResetMocksTestExecutionListener@750b200b]

  .   ____          _            __ _ _
 /\\ / ___'_ __ _ _(_)_ __  __ _ \ \ \ \
( ( )\___ | '_ | '_| | '_ \/ _` | \ \ \ \
 \\/  ___)| |_)| | | | | || (_| |  ) ) ) )
  '  |____| .__|_| |_|_| |_\__, | / / / /
 =========|_|==============|___/=/_/_/_/
 :: Spring Boot ::                (v2.4.1)

2023-09-18 15:20:31.525  INFO 464 --- [    Test worker] c.b.springboot.web.HelloControllerTest   : Starting HelloControllerTest using Java 1.8.0_242 on DESKTOP-B66C7S1 with PID 464 (started by aahnn in C:\workspace\boradoli)
2023-09-18 15:20:31.525  INFO 464 --- [    Test worker] c.b.springboot.web.HelloControllerTest   : No active profile set, falling back to default profiles: default
2023-09-18 15:20:32.040  INFO 464 --- [    Test worker] o.s.s.concurrent.ThreadPoolTaskExecutor  : Initializing ExecutorService 'applicationTaskExecutor'
2023-09-18 15:20:32.119  INFO 464 --- [    Test worker] o.s.b.a.w.s.WelcomePageHandlerMapping    : Adding welcome page template: index
2023-09-18 15:20:32.620  INFO 464 --- [    Test worker] o.s.s.web.DefaultSecurityFilterChain     : Will secure any request with [org.springframework.security.web.context.request.async.WebAsyncManagerIntegrationFilter@215f8d7, org.springframework.security.web.context.SecurityContextPersistenceFilter@67afc9b6, org.springframework.security.web.header.HeaderWriterFilter@252d2ac0, org.springframework.security.web.csrf.CsrfFilter@729d1428, org.springframework.security.web.authentication.logout.LogoutFilter@6dc7b7f, org.springframework.security.oauth2.client.web.OAuth2AuthorizationRequestRedirectFilter@1372696b, org.springframework.security.oauth2.client.web.OAuth2AuthorizationRequestRedirectFilter@206e5183, org.springframework.security.oauth2.client.web.OAuth2LoginAuthenticationFilter@7ca7bddd, org.springframework.security.web.authentication.ui.DefaultLoginPageGeneratingFilter@4425b6ed, org.springframework.security.web.authentication.ui.DefaultLogoutPageGeneratingFilter@69d2c460, org.springframework.security.web.savedrequest.RequestCacheAwareFilter@36ce9eaf, org.springframework.security.web.servletapi.SecurityContextHolderAwareRequestFilter@7a79d99c, org.springframework.security.web.authentication.AnonymousAuthenticationFilter@34a99d8, org.springframework.security.oauth2.client.web.OAuth2AuthorizationCodeGrantFilter@73633230, org.springframework.security.web.session.SessionManagementFilter@3f0b5619, org.springframework.security.web.access.ExceptionTranslationFilter@1728d307, org.springframework.security.web.access.intercept.FilterSecurityInterceptor@5ca006ac]
2023-09-18 15:20:32.723  INFO 464 --- [    Test worker] o.s.b.t.m.w.SpringBootMockServletContext : Initializing Spring TestDispatcherServlet ''
2023-09-18 15:20:32.723  INFO 464 --- [    Test worker] o.s.t.web.servlet.TestDispatcherServlet  : Initializing Servlet ''
2023-09-18 15:20:32.723  INFO 464 --- [    Test worker] o.s.t.web.servlet.TestDispatcherServlet  : Completed initialization in 0 ms
2023-09-18 15:20:32.740  INFO 464 --- [    Test worker] c.b.springboot.web.HelloControllerTest   : Started HelloControllerTest in 1.244 seconds (JVM running for 14.068)
]]></system-out>
  <system-err><![CDATA[]]></system-err>
</testsuite>
