<?xml version="1.0" encoding="UTF-8"?>
<testsuite name="com.boradoli.springboot.web.PostsApiControllerTest" tests="2" skipped="0" failures="0" errors="0" timestamp="2023-09-18T06:20:31" hostname="DESKTOP-B66C7S1" time="0.214">
  <properties/>
  <testcase name="Posts_등록된다()" classname="com.boradoli.springboot.web.PostsApiControllerTest" time="0.184"/>
  <testcase name="Posts_수정된다()" classname="com.boradoli.springboot.web.PostsApiControllerTest" time="0.029"/>
  <system-out><![CDATA[2023-09-18 15:20:31.252  INFO 464 --- [    Test worker] .b.t.c.SpringBootTestContextBootstrapper : Neither @ContextConfiguration nor @ContextHierarchy found for test class [com.boradoli.springboot.web.PostsApiControllerTest], using SpringBootContextLoader
2023-09-18 15:20:31.254  INFO 464 --- [    Test worker] o.s.t.c.support.AbstractContextLoader    : Could not detect default resource locations for test class [com.boradoli.springboot.web.PostsApiControllerTest]: no resource found for suffixes {-context.xml, Context.groovy}.
2023-09-18 15:20:31.254  INFO 464 --- [    Test worker] t.c.s.AnnotationConfigContextLoaderUtils : Could not detect default configuration classes for test class [com.boradoli.springboot.web.PostsApiControllerTest]: PostsApiControllerTest does not declare any static, non-private, non-final, nested classes annotated with @Configuration.
2023-09-18 15:20:31.256  INFO 464 --- [    Test worker] .b.t.c.SpringBootTestContextBootstrapper : Found @SpringBootConfiguration com.boradoli.springboot.Application for test class com.boradoli.springboot.web.PostsApiControllerTest
2023-09-18 15:20:31.257  INFO 464 --- [    Test worker] .b.t.c.SpringBootTestContextBootstrapper : Loaded default TestExecutionListener class names from location [META-INF/spring.factories]: [org.springframework.security.test.context.support.WithSecurityContextTestExecutionListener, org.springframework.security.test.context.support.ReactorContextTestExecutionListener, org.springframework.boot.test.autoconfigure.restdocs.RestDocsTestExecutionListener, org.springframework.boot.test.autoconfigure.web.client.MockRestServiceServerResetTestExecutionListener, org.springframework.boot.test.autoconfigure.web.servlet.MockMvcPrintOnlyOnFailureTestExecutionListener, org.springframework.boot.test.autoconfigure.web.servlet.WebDriverTestExecutionListener, org.springframework.boot.test.autoconfigure.webservices.client.MockWebServiceServerTestExecutionListener, org.springframework.boot.test.mock.mockito.MockitoTestExecutionListener, org.springframework.boot.test.mock.mockito.ResetMocksTestExecutionListener, org.springframework.test.context.web.ServletTestExecutionListener, org.springframework.test.context.support.DirtiesContextBeforeModesTestExecutionListener, org.springframework.test.context.support.DependencyInjectionTestExecutionListener, org.springframework.test.context.support.DirtiesContextTestExecutionListener, org.springframework.test.context.transaction.TransactionalTestExecutionListener, org.springframework.test.context.jdbc.SqlScriptsTestExecutionListener, org.springframework.test.context.event.EventPublishingTestExecutionListener]
2023-09-18 15:20:31.259  INFO 464 --- [    Test worker] .b.t.c.SpringBootTestContextBootstrapper : Using TestExecutionListeners: [org.springframework.test.context.web.ServletTestExecutionListener@5ec06e97, org.springframework.test.context.support.DirtiesContextBeforeModesTestExecutionListener@53c9541c, org.springframework.boot.test.mock.mockito.MockitoTestExecutionListener@591febcb, org.springframework.boot.test.autoconfigure.SpringBootDependencyInjectionTestExecutionListener@3d6745ed, org.springframework.test.context.support.DirtiesContextTestExecutionListener@600e2000, org.springframework.test.context.transaction.TransactionalTestExecutionListener@797ee1a9, org.springframework.test.context.jdbc.SqlScriptsTestExecutionListener@5f190cfe, org.springframework.security.test.context.support.WithSecurityContextTestExecutionListener@585672dd, org.springframework.test.context.event.EventPublishingTestExecutionListener@49c947f7, org.springframework.security.test.context.support.ReactorContextTestExecutionListener@47b494ce, org.springframework.boot.test.autoconfigure.restdocs.RestDocsTestExecutionListener@50dd1e3a, org.springframework.boot.test.autoconfigure.web.client.MockRestServiceServerResetTestExecutionListener@3b764e66, org.springframework.boot.test.autoconfigure.web.servlet.MockMvcPrintOnlyOnFailureTestExecutionListener@38834000, org.springframework.boot.test.autoconfigure.web.servlet.WebDriverTestExecutionListener@5b72b13a, org.springframework.boot.test.autoconfigure.webservices.client.MockWebServiceServerTestExecutionListener@63e648a0, org.springframework.boot.test.mock.mockito.ResetMocksTestExecutionListener@6a6a3fc4]
2023-09-18 15:20:31.285  INFO 464 --- [    Test worker] o.a.c.c.C.[Tomcat].[localhost].[/]       : Initializing Spring TestDispatcherServlet ''
2023-09-18 15:20:31.285  INFO 464 --- [    Test worker] o.s.t.web.servlet.TestDispatcherServlet  : Initializing Servlet ''
2023-09-18 15:20:31.286  INFO 464 --- [    Test worker] o.s.t.web.servlet.TestDispatcherServlet  : Completed initialization in 0 ms
Hibernate: insert into posts (id, created_date, modified_date, author, content, title) values (null, ?, ?, ?, ?, ?)
Hibernate: select posts0_.id as id1_0_, posts0_.created_date as created_2_0_, posts0_.modified_date as modified3_0_, posts0_.author as author4_0_, posts0_.content as content5_0_, posts0_.title as title6_0_ from posts posts0_
Hibernate: select posts0_.id as id1_0_, posts0_.created_date as created_2_0_, posts0_.modified_date as modified3_0_, posts0_.author as author4_0_, posts0_.content as content5_0_, posts0_.title as title6_0_ from posts posts0_
Hibernate: delete from posts where id=?
2023-09-18 15:20:31.451  INFO 464 --- [    Test worker] o.a.c.c.C.[Tomcat].[localhost].[/]       : Initializing Spring TestDispatcherServlet ''
2023-09-18 15:20:31.451  INFO 464 --- [    Test worker] o.s.t.web.servlet.TestDispatcherServlet  : Initializing Servlet ''
2023-09-18 15:20:31.451  INFO 464 --- [    Test worker] o.s.t.web.servlet.TestDispatcherServlet  : Completed initialization in 0 ms
Hibernate: insert into posts (id, created_date, modified_date, author, content, title) values (null, ?, ?, ?, ?, ?)
Hibernate: select posts0_.id as id1_0_0_, posts0_.created_date as created_2_0_0_, posts0_.modified_date as modified3_0_0_, posts0_.author as author4_0_0_, posts0_.content as content5_0_0_, posts0_.title as title6_0_0_ from posts posts0_ where posts0_.id=?
Hibernate: update posts set created_date=?, modified_date=?, author=?, content=?, title=? where id=?
Hibernate: select posts0_.id as id1_0_, posts0_.created_date as created_2_0_, posts0_.modified_date as modified3_0_, posts0_.author as author4_0_, posts0_.content as content5_0_, posts0_.title as title6_0_ from posts posts0_
Hibernate: select posts0_.id as id1_0_, posts0_.created_date as created_2_0_, posts0_.modified_date as modified3_0_, posts0_.author as author4_0_, posts0_.content as content5_0_, posts0_.title as title6_0_ from posts posts0_
Hibernate: delete from posts where id=?
]]></system-out>
  <system-err><![CDATA[]]></system-err>
</testsuite>
